<?xml version="1.0" encoding="UTF-8"?>
<testng-results ignored="0" total="2" passed="2" failed="0" skipped="0">
  <reporter-output>
  </reporter-output>
  <suite started-at="2022-07-25T10:57:59 IST" name="Default suite" finished-at="2022-07-25T10:57:59 IST" duration-ms="78">
    <groups>
    </groups>
    <test started-at="2022-07-25T10:57:59 IST" name="Default test" finished-at="2022-07-25T10:57:59 IST" duration-ms="78">
      <class name="modual1.RegisterTest">
        <test-method is-config="true" signature="checkMethod()[pri:0, instance:modual1.RegisterTest@fa49800]" started-at="2022-07-25T10:57:59 IST" name="checkMethod" finished-at="2022-07-25T10:57:59 IST" duration-ms="6" status="PASS">
          <reporter-output>
          </reporter-output>
        </test-method> <!-- checkMethod -->
        <test-method signature="positiveRegister()[pri:0, instance:modual1.RegisterTest@fa49800]" started-at="2022-07-25T10:57:59 IST" name="positiveRegister" finished-at="2022-07-25T10:57:59 IST" duration-ms="9" status="PASS">
          <reporter-output>
          </reporter-output>
        </test-method> <!-- positiveRegister -->
        <test-method is-config="true" signature="afterMethod()[pri:0, instance:modual1.RegisterTest@fa49800]" started-at="2022-07-25T10:57:59 IST" name="afterMethod" finished-at="2022-07-25T10:57:59 IST" duration-ms="0" status="PASS">
          <reporter-output>
          </reporter-output>
        </test-method> <!-- afterMethod -->
        <test-method is-config="true" signature="checkMethod()[pri:0, instance:modual1.RegisterTest@fa49800]" started-at="2022-07-25T10:57:59 IST" name="checkMethod" finished-at="2022-07-25T10:57:59 IST" duration-ms="1" status="PASS">
          <reporter-output>
          </reporter-output>
        </test-method> <!-- checkMethod -->
        <test-method signature="negativeRegister()[pri:1, instance:modual1.RegisterTest@fa49800]" started-at="2022-07-25T10:57:59 IST" name="negativeRegister" finished-at="2022-07-25T10:57:59 IST" duration-ms="2" status="PASS">
          <reporter-output>
          </reporter-output>
        </test-method> <!-- negativeRegister -->
        <test-method is-config="true" signature="afterMethod()[pri:0, instance:modual1.RegisterTest@fa49800]" started-at="2022-07-25T10:57:59 IST" name="afterMethod" finished-at="2022-07-25T10:57:59 IST" duration-ms="1" status="PASS">
          <reporter-output>
          </reporter-output>
        </test-method> <!-- afterMethod -->
      </class> <!-- modual1.RegisterTest -->
    </test> <!-- Default test -->
  </suite> <!-- Default suite -->
</testng-results>
